<?xml version="1.0" encoding="UTF-8"?>
<!-- Generated by org.testng.reporters.JUnitReportReporter -->
<testsuite hostname="Gravitant-user1"
	name="com.gravitant.tests.TC_001_LoginLogoutTest" tests="2" failures="0"
	timestamp="14 Nov 2013 23:30:33 GMT" time="2.575" errors="0">
	<testcase name="testLoginPage" time="1.467"
		classname="com.gravitant.tests.TC_001_LoginLogoutTest" />
	<testcase name="testLandingPage" time="1.108"
		classname="com.gravitant.tests.TC_001_LoginLogoutTest" />
</testsuite> <!-- com.gravitant.tests.TC_001_LoginLogoutTest -->
