<?xml version="1.0" encoding="UTF-8"?>
<!-- Generated by org.testng.reporters.JUnitReportReporter -->
<testsuite hostname="Gravitant-user1" name="com.gravitant.tests.DevTest"
	tests="1" failures="0" timestamp="7 Nov 2013 23:31:39 GMT" time="71.180"
	errors="0">
	<testcase name="testThis" time="71.180" classname="com.gravitant.tests.DevTest" />
</testsuite> <!-- com.gravitant.tests.DevTest -->
