<?xml version="1.0" encoding="UTF-8"?>
<!-- Generated by org.testng.reporters.JUnitReportReporter -->
<testsuite hostname="Gravitant-user1" name="com.gravitant.tests.DevTest_2"
	tests="1" failures="0" timestamp="14 Nov 2013 21:51:03 GMT" time="0.724"
	errors="0">
	<testcase name="testLandingPage" time="0.724"
		classname="com.gravitant.tests.DevTest_2" />
</testsuite> <!-- com.gravitant.tests.DevTest_2 -->
